[ Jan 27 2025 01:25:37 ] [var/cache//active_extensions_f1f51ce4690be9b16e58c534b807fa55.php]
[ Jan 27 2025 01:25:37 ] [var/site/cache/statelimitations_e201251885282e4c0b0feab177fc55ca.php]
[ Jan 27 2025 01:25:37 ] [var/site/cache/override/override_339423f7d2c3f5d01e717a4939e0d1a1.php]
[ Jan 27 2025 01:25:37 ] [var/site/cache/template/compiled/common.php]
[ Jan 27 2025 01:25:37 ] [var/site/cache/template/compiled/folder-71a547df8434b20fa6b9427e86df317a.php]
[ Jan 27 2025 01:25:37 ] [var/site/cache/template/compiled/ezstring-1410d9575e80a9fe89893c936a739fcc.php]
[ Jan 27 2025 01:25:37 ] [var/site/cache/template/compiled/ezxmltext-4e8b493f4022aa4888dce4db88b9b3fc.php]
[ Jan 27 2025 01:25:37 ] [var/site/cache/template/compiled/link-8da91961bc4623a0c75e912ddde862d6.php]
[ Jan 27 2025 01:25:37 ] [var/site/cache/template/compiled/paragraph-1c188a7f5a1093a96831017a45b494c0.php]
[ Jan 27 2025 01:25:37 ] [var/site/cache/classidentifiers_e201251885282e4c0b0feab177fc55ca.php]
[ Jan 27 2025 01:25:37 ] [var/site/cache/template/compiled/article-269e6496d337338b0be12235196b6a40.php]
[ Jan 27 2025 01:25:37 ] [var/site/cache/template/compiled/ezimage-dd0bc461217fd777df21d52c1c4db8ef.php]
[ Jan 27 2025 01:25:37 ] [var/site/cache/template/compiled/header-f86d2747e4a7ead204cf6aed9a780729.php]
[ Jan 27 2025 01:25:37 ] [var/site/cache/template/compiled/strong-f1b24e024650b57d888cf49309f8bd3b.php]
[ Jan 27 2025 01:25:37 ] [var/site/cache/template/compiled/google-695dc28d1544b9d58350b7b216595395.php]
[ Jan 27 2025 01:25:37 ] [var/site/cache/template/compiled/pagelayout-bf9ef6bef1dff2de897f91102823f451.php]
[ Jan 27 2025 01:25:37 ] [var/site/cache/template/compiled/page_head_displaystyles-bc1fa2592b14eb83db7f3e51bbc2c775.php]
[ Jan 27 2025 01:25:37 ] [var/site/cache/template/compiled/page_head-b0be2da9161c51fc158915594d3dc6ad.php]
[ Jan 27 2025 01:25:37 ] [var/site/cache/template/compiled/canonical_link-09b517bccce4ed345f41f08a61e2aa18.php]
[ Jan 27 2025 01:25:37 ] [var/site/cache/template/compiled/link-9d4ccf85f2e5ff55d3657a002227b496.php]
[ Jan 27 2025 01:25:37 ] [var/site/cache/template/compiled/page_head_style-bc7f18d40bd726d3775903344318a77e.php]
[ Jan 27 2025 01:25:37 ] [var/site/cache/template/compiled/page_head_script-65d68b61c3a35c014f150b7fc42cd599.php]
[ Jan 27 2025 01:25:37 ] [var/site/cache/template/compiled/page_header-d50b158be6dc1e477de5a9bc204c2597.php]
[ Jan 27 2025 01:25:37 ] [var/site/cache/template/compiled/page_header_languages-b23a5f62f08a871b314c1c65f585ac95.php]
[ Jan 27 2025 01:25:37 ] [var/site/cache/template/compiled/page_header_links-432330db4de1f9d8c7b3e5cfa65caf70.php]
[ Jan 27 2025 01:25:37 ] [var/site/cache/template/compiled/page_header_logo-e45d8af35402146171936623e3358f9c.php]
[ Jan 27 2025 01:25:37 ] [var/site/cache/template/compiled/page_header_searchbox-8ef76d5cdac94612899eb2eec381b956.php]
[ Jan 27 2025 01:25:37 ] [var/site/cache/template/compiled/page_topmenu-250fdf316d784b54339515a5c91a802e.php]
[ Jan 27 2025 01:25:38 ] [var/site/cache/template/compiled/flat_top-333a9c1f09c687fdb49af1f6062cf0ab.php]
[ Jan 27 2025 01:25:38 ] [var/site/cache/template/compiled/page_toppath-73c5a5af8318a58201e2ed1516279f24.php]
[ Jan 27 2025 01:25:38 ] [var/site/cache/template/compiled/path-860cc4171a3f99ae3ad7c63f99fb19ef.php]
[ Jan 27 2025 01:25:38 ] [var/site/cache/template/compiled/page_leftmenu-d7c144a81e5317891f0568bf06ee2723.php]
[ Jan 27 2025 01:25:38 ] [/home/ze/public_html/lib/ezutils/classes/../../../var/cache/ini/contentstructuremenu-86f3e6a2c5c7a1e3834bbea32a2fd91a.php]
[ Jan 27 2025 01:25:38 ] [var/site/cache/template/compiled/flat_left-83909dd2710f5dbd96f52d086452fd46.php]
[ Jan 27 2025 01:25:38 ] [var/site/cache/template/compiled/page_mainarea-75e785d55d1f3d7c53d0ea268a4cddd1.php]
[ Jan 27 2025 01:25:38 ] [var/site/cache/template/compiled/page_footer-9632bd658d9c575c74e32de0c6041c72.php]
[ Jan 27 2025 01:25:38 ] [var/site/cache/template/compiled/page_footer_script-03364a8f4448397fac76d16e214871e0.php]
[ Jan 27 2025 01:25:38 ] [var/site/cache/template/compiled/20-671690ec043a516f4fc8eca5c2abaf3c.php]
[ Jan 27 2025 01:27:57 ] [var/cache//active_extensions_f1f51ce4690be9b16e58c534b807fa55.php]
[ Jan 27 2025 01:27:57 ] [var/site/cache/statelimitations_e201251885282e4c0b0feab177fc55ca.php]
[ Jan 27 2025 01:27:57 ] [var/site/cache/override/override_339423f7d2c3f5d01e717a4939e0d1a1.php]
[ Jan 27 2025 01:27:57 ] [var/site/cache/template/compiled/common.php]
[ Jan 27 2025 01:27:57 ] [var/site/cache/template/compiled/folder-71a547df8434b20fa6b9427e86df317a.php]
[ Jan 27 2025 01:27:57 ] [var/site/cache/template/compiled/ezstring-1410d9575e80a9fe89893c936a739fcc.php]
[ Jan 27 2025 01:27:57 ] [var/site/cache/template/compiled/ezxmltext-4e8b493f4022aa4888dce4db88b9b3fc.php]
[ Jan 27 2025 01:27:57 ] [var/site/cache/template/compiled/link-8da91961bc4623a0c75e912ddde862d6.php]
[ Jan 27 2025 01:27:57 ] [var/site/cache/template/compiled/paragraph-1c188a7f5a1093a96831017a45b494c0.php]
[ Jan 27 2025 01:27:57 ] [var/site/cache/classidentifiers_e201251885282e4c0b0feab177fc55ca.php]
[ Jan 27 2025 01:27:57 ] [var/site/cache/template/compiled/article-269e6496d337338b0be12235196b6a40.php]
[ Jan 27 2025 01:27:57 ] [var/site/cache/template/compiled/ezimage-dd0bc461217fd777df21d52c1c4db8ef.php]
[ Jan 27 2025 01:27:57 ] [var/site/cache/template/compiled/header-f86d2747e4a7ead204cf6aed9a780729.php]
[ Jan 27 2025 01:27:57 ] [var/site/cache/template/compiled/strong-f1b24e024650b57d888cf49309f8bd3b.php]
[ Jan 27 2025 01:27:57 ] [var/site/cache/template/compiled/google-695dc28d1544b9d58350b7b216595395.php]
[ Jan 27 2025 01:27:57 ] [var/site/cache/template/compiled/pagelayout-bf9ef6bef1dff2de897f91102823f451.php]
[ Jan 27 2025 01:27:57 ] [var/site/cache/template/compiled/page_head_displaystyles-bc1fa2592b14eb83db7f3e51bbc2c775.php]
[ Jan 27 2025 01:27:57 ] [var/site/cache/template/compiled/page_head-b0be2da9161c51fc158915594d3dc6ad.php]
[ Jan 27 2025 01:27:57 ] [var/site/cache/template/compiled/canonical_link-09b517bccce4ed345f41f08a61e2aa18.php]
[ Jan 27 2025 01:27:57 ] [var/site/cache/template/compiled/link-9d4ccf85f2e5ff55d3657a002227b496.php]
[ Jan 27 2025 01:27:57 ] [var/site/cache/template/compiled/page_head_style-bc7f18d40bd726d3775903344318a77e.php]
[ Jan 27 2025 01:27:57 ] [var/site/cache/template/compiled/page_head_script-65d68b61c3a35c014f150b7fc42cd599.php]
[ Jan 27 2025 01:27:57 ] [var/site/cache/template/compiled/page_header-d50b158be6dc1e477de5a9bc204c2597.php]
[ Jan 27 2025 01:27:57 ] [var/site/cache/template/compiled/page_header_languages-b23a5f62f08a871b314c1c65f585ac95.php]
[ Jan 27 2025 01:27:57 ] [var/site/cache/template/compiled/page_header_links-432330db4de1f9d8c7b3e5cfa65caf70.php]
[ Jan 27 2025 01:27:57 ] [var/site/cache/template/compiled/page_header_logo-e45d8af35402146171936623e3358f9c.php]
[ Jan 27 2025 01:27:57 ] [var/site/cache/template/compiled/page_header_searchbox-8ef76d5cdac94612899eb2eec381b956.php]
[ Jan 27 2025 01:27:57 ] [var/site/cache/template/compiled/page_topmenu-250fdf316d784b54339515a5c91a802e.php]
[ Jan 27 2025 01:27:57 ] [var/site/cache/template/compiled/flat_top-333a9c1f09c687fdb49af1f6062cf0ab.php]
[ Jan 27 2025 01:27:57 ] [var/site/cache/template/compiled/page_toppath-73c5a5af8318a58201e2ed1516279f24.php]
[ Jan 27 2025 01:27:57 ] [var/site/cache/template/compiled/path-860cc4171a3f99ae3ad7c63f99fb19ef.php]
[ Jan 27 2025 01:27:57 ] [var/site/cache/template/compiled/page_leftmenu-d7c144a81e5317891f0568bf06ee2723.php]
[ Jan 27 2025 01:27:57 ] [var/site/cache/template/compiled/flat_left-83909dd2710f5dbd96f52d086452fd46.php]
[ Jan 27 2025 01:27:57 ] [var/site/cache/template/compiled/page_mainarea-75e785d55d1f3d7c53d0ea268a4cddd1.php]
[ Jan 27 2025 01:27:57 ] [var/site/cache/template/compiled/page_footer-9632bd658d9c575c74e32de0c6041c72.php]
[ Jan 27 2025 01:27:57 ] [var/site/cache/template/compiled/page_footer_script-03364a8f4448397fac76d16e214871e0.php]
[ Jan 27 2025 01:27:57 ] [var/site/cache/template/compiled/20-671690ec043a516f4fc8eca5c2abaf3c.php]
