[ Jan 27 2025 01:35:41 ] [/home/ze/public_html/projects.ezpublish.one/lib/ezutils/classes/../../../var/cache/ini/site-1cd992ba7f66d4f06368e516b036c9cf.php]
[ Jan 27 2025 01:35:41 ] [/home/ze/public_html/projects.ezpublish.one/lib/ezutils/classes/../../../var/cache/ini/module-cd61f6a54802d6312d928b369173c87c.php]
[ Jan 27 2025 01:35:41 ] [/home/ze/public_html/projects.ezpublish.one/lib/ezutils/classes/../../../var/cache/ini/eng-GB-04387d13317434f3f9edaf0416c82137.php]
[ Jan 27 2025 01:35:41 ] [/home/ze/public_html/projects.ezpublish.one/lib/ezutils/classes/../../../var/cache/ini/template-2059e9165a78eaf1a579c2751b7290ea.php]
[ Jan 27 2025 01:36:22 ] [/home/ze/public_html/projects.ezpublish.one/lib/ezutils/classes/../../../var/cache/ini/site-1cd992ba7f66d4f06368e516b036c9cf.php]
[ Jan 27 2025 01:36:22 ] [/home/ze/public_html/projects.ezpublish.one/lib/ezutils/classes/../../../var/cache/ini/module-cd61f6a54802d6312d928b369173c87c.php]
[ Jan 27 2025 01:36:22 ] [/home/ze/public_html/projects.ezpublish.one/lib/ezutils/classes/../../../var/cache/ini/eng-GB-04387d13317434f3f9edaf0416c82137.php]
[ Jan 27 2025 01:36:22 ] [/home/ze/public_html/projects.ezpublish.one/lib/ezutils/classes/../../../var/cache/ini/template-2059e9165a78eaf1a579c2751b7290ea.php]
[ Jan 27 2025 01:41:43 ] [/home/ze/public_html/projects.ezpublish.one/lib/ezutils/classes/../../../var/cache/ini/site-1cd992ba7f66d4f06368e516b036c9cf.php]
[ Jan 27 2025 01:41:43 ] [/home/ze/public_html/projects.ezpublish.one/lib/ezutils/classes/../../../var/cache/ini/module-cd61f6a54802d6312d928b369173c87c.php]
[ Jan 27 2025 01:41:43 ] [/home/ze/public_html/projects.ezpublish.one/lib/ezutils/classes/../../../var/cache/ini/eng-GB-04387d13317434f3f9edaf0416c82137.php]
[ Jan 27 2025 01:41:43 ] [/home/ze/public_html/projects.ezpublish.one/lib/ezutils/classes/../../../var/cache/ini/template-2059e9165a78eaf1a579c2751b7290ea.php]
[ Jan 27 2025 01:41:43 ] [/home/ze/public_html/projects.ezpublish.one/lib/ezutils/classes/../../../var/cache/ini/file-2ee4eb6d1e587d573d46284e5568813a.php]
[ Jan 27 2025 01:41:43 ] [/home/ze/public_html/projects.ezpublish.one/lib/ezutils/classes/../../../var/cache/ini/debug-d6f16ecb56ff89a4efb958ff47676a9d.php]
[ Jan 27 2025 01:45:14 ] [var/plain_site/cache/statelimitations_731aaaeece4fdc459f9411df8ed13400.php]
[ Jan 27 2025 01:45:14 ] [/home/ze/public_html/projects.ezpublish.one/lib/ezutils/classes/../../../var/cache/ini/content-d42d042032152adb011365cfbf321ef3.php]
[ Jan 27 2025 01:45:14 ] [/home/ze/public_html/projects.ezpublish.one/lib/ezutils/classes/../../../var/cache/ini/workflow-5209f4a11e722e3bcce7cb94b70a74d5.php]
[ Jan 27 2025 01:45:14 ] [/home/ze/public_html/projects.ezpublish.one/lib/ezutils/classes/../../../var/cache/ini/override-5f8a357f93fda2cfceb2a32c63861856.php]
[ Jan 27 2025 01:45:14 ] [/home/ze/public_html/projects.ezpublish.one/lib/ezutils/classes/../../../var/cache/ini/design-3a3a1c53581152183dc730e0cc2e7a8a.php]
[ Jan 27 2025 01:45:14 ] [var/plain_site/cache/override/override_3873b7295da86e150dd64f5ddcd53c24.php]
[ Jan 27 2025 01:45:14 ] [var/plain_site/cache/template/compiled/common.php]
[ Jan 27 2025 01:45:14 ] [/home/ze/public_html/projects.ezpublish.one/lib/ezutils/classes/../../../var/cache/ini/fetchalias-c4ed5364437ce5ef87b7ca37c4a791c5.php]
[ Jan 27 2025 01:45:14 ] [var/plain_site/cache/template/compiled/projects-222619219720835059901ca665cc1ce8.php]
[ Jan 27 2025 01:45:14 ] [var/plain_site/cache/classidentifiers_731aaaeece4fdc459f9411df8ed13400.php]
[ Jan 27 2025 01:45:14 ] [var/plain_site/cache/template/compiled/article-48e9e9a6a24b08cb29d38dd5fc0cb5e3.php]
[ Jan 27 2025 01:45:14 ] [var/plain_site/cache/template/compiled/ezimage-aa101a2294aa6ebaead5224d26908287.php]
[ Jan 27 2025 01:45:14 ] [/home/ze/public_html/projects.ezpublish.one/lib/ezutils/classes/../../../var/cache/ini/image-ef605f7ba6c1bd643dec1fb6b225eb4a.php]
[ Jan 27 2025 01:45:14 ] [/home/ze/public_html/projects.ezpublish.one/lib/ezutils/classes/../../../var/cache/ini/ezxml-d812e9847d2e0d3ac9e3eb6f696c25fa.php]
[ Jan 27 2025 01:45:14 ] [var/plain_site/cache/template/compiled/ezxmltext-719d29a33b1f1671653c46effbd9e781.php]
[ Jan 27 2025 01:45:14 ] [var/plain_site/cache/template/compiled/link-363823093855ad35cb3135b3b108cf62.php]
[ Jan 27 2025 01:45:14 ] [var/plain_site/cache/template/compiled/paragraph-2459037502d91f184991f3c88e78f124.php]
[ Jan 27 2025 01:45:14 ] [var/plain_site/cache/template/compiled/article-eee2d42dfa0d3debc6c07cab1730379a.php]
[ Jan 27 2025 01:45:14 ] [var/plain_site/cache/template/compiled/rss_import-f81ef988044e70258d0044933523c37d.php]
[ Jan 27 2025 01:45:14 ] [var/plain_site/cache/template/compiled/rss_import-1dad5fdf204571a33911d28a6efac1f3.php]
[ Jan 27 2025 01:45:15 ] [var/plain_site/cache/template/compiled/li-dcd1999a25fae381617b2541a7047418.php]
[ Jan 27 2025 01:45:15 ] [var/plain_site/cache/template/compiled/ul-dc6cccdd693b747b6f3067880289a832.php]
[ Jan 27 2025 01:45:15 ] [var/plain_site/cache/template/compiled/project-14e4359b6fe9f3a9e0598b49ec75a6ec.php]
[ Jan 27 2025 01:45:15 ] [var/plain_site/cache/template/compiled/status-ededed2a275575bf827b5c3cdb78a71e.php]
[ Jan 27 2025 01:45:15 ] [/home/ze/public_html/projects.ezpublish.one/lib/ezutils/classes/../../../var/cache/ini/menu-69d371afed63dcab10249bee37461e93.php]
[ Jan 27 2025 01:45:15 ] [var/plain_site/cache/template/compiled/pagelayout-e1fa530c982d3f2a22318b072e14df14.php]
[ Jan 27 2025 01:45:15 ] [var/plain_site/cache/template/compiled/searchbox-90fbf16124038d530331bec931d6baf3.php]
[ Jan 27 2025 01:45:15 ] [var/plain_site/cache/template/compiled/mainmenu-8211ec912065d8a6f07ca73abc807b5d.php]
[ Jan 27 2025 01:45:15 ] [var/plain_site/cache/template/compiled/debug_toolbar-b751f8b8424da432824ec49713baf332.php]
[ Jan 27 2025 01:45:15 ] [var/plain_site/cache/template/compiled/clear_cache-a7c6b7b79bf72a054e0a5c58305f2c56.php]
[ Jan 27 2025 01:45:15 ] [var/plain_site/cache/template/compiled/quick_settings-dbaa3ceac864b616095dc7219efe7ad2.php]
[ Jan 27 2025 01:45:15 ] [/home/ze/public_html/projects.ezpublish.one/lib/ezutils/classes/../../../var/cache/ini/site-f2b1f5c6121938489d1664ce51344d54.php]
[ Jan 27 2025 01:45:15 ] [/home/ze/public_html/projects.ezpublish.one/lib/ezutils/classes/../../../var/cache/ini/site-9cb0e9631ed265dd09f7291efc783195.php]
[ Jan 27 2025 01:45:16 ] [/home/ze/public_html/projects.ezpublish.one/lib/ezutils/classes/../../../var/cache/ini/error-af2af6174806641d65259b1e406490fe.php]
[ Jan 27 2025 01:45:16 ] [/home/ze/public_html/projects.ezpublish.one/lib/ezutils/classes/../../../var/cache/ini/design-19fcab247bf4881c2b1a0b55c84df493.php]
[ Jan 27 2025 01:45:16 ] [var/plain_site/cache/template/compiled/20-b7ad138036edba940790bcd56750b350.php]
[ Jan 27 2025 01:45:16 ] [/home/ze/public_html/projects.ezpublish.one/lib/ezutils/classes/../../../var/cache/ini/menu-839339ffe8ff91a96ddcc4f2f322e57e.php]
[ Jan 27 2025 01:45:27 ] [var/plain_site/cache/template/compiled/login-1d335b84ce0d4ae1dd58046d0d6e423b.php]
[ Jan 27 2025 01:45:52 ] [/home/ze/public_html/projects.ezpublish.one/lib/ezutils/classes/../../../var/cache/ini/fetchalias-d3734a0bd05a970ba149177332669225.php]
[ Jan 27 2025 01:45:52 ] [var/plain_site/cache/template/compiled/projects-fdd032bd7fe25f4864da83ca76b26988.php]
[ Jan 27 2025 01:45:52 ] [/home/ze/public_html/projects.ezpublish.one/lib/ezutils/classes/../../../var/cache/ini/ezxml-3fe1ba727e4e1d2a1036eb3a6c0fdbfb.php]
[ Jan 27 2025 01:45:52 ] [var/plain_site/cache/template/compiled/ezxmltext-c2bdaa202d48f58ac66ff6aa3710ba88.php]
[ Jan 27 2025 01:45:52 ] [var/plain_site/cache/template/compiled/paragraph-2cee9ba7fd5d28e19fbd5512da7d1dbf.php]
[ Jan 27 2025 01:45:52 ] [var/plain_site/cache/template/compiled/li-80d3111e34ada11e775a885583b6a703.php]
[ Jan 27 2025 01:45:52 ] [var/plain_site/cache/template/compiled/link-991b6f3f0e25c64869664bbbd3eb53f5.php]
[ Jan 27 2025 01:45:52 ] [var/plain_site/cache/template/compiled/ul-764122075d0fd02653931e34f9ea6070.php]
[ Jan 27 2025 01:45:52 ] [var/plain_site/cache/template/compiled/project-882976345010cba9b164b069f04dde20.php]
[ Jan 27 2025 01:45:52 ] [var/plain_site/cache/template/compiled/status-e507f6e98cf51267317f717701bf22df.php]
[ Jan 27 2025 01:45:52 ] [var/plain_site/cache/template/compiled/pagelayout-d87e05baebc9c178b00cf6f11c297e61.php]
[ Jan 27 2025 01:45:52 ] [var/plain_site/cache/template/compiled/mainmenu-11099ec8251adda82e211bf585d0542b.php]
[ Jan 27 2025 01:45:52 ] [var/plain_site/cache/template/compiled/debug_toolbar-76e4bf1ce26456ce6efab5d09d94fd9b.php]
[ Jan 27 2025 01:45:52 ] [var/plain_site/cache/template/compiled/clear_cache-0082f832c368aea281fae35ecdd32871.php]
[ Jan 27 2025 01:45:52 ] [var/plain_site/cache/template/compiled/quick_settings-0e930cfb56d0b295d3646fb3ef02ce4b.php]
[ Jan 27 2025 01:45:58 ] [var/plain_site/cache/template/compiled/article-dfe4e2b241aea7dc8565d3e956531e41.php]
[ Jan 27 2025 01:45:58 ] [/home/ze/public_html/projects.ezpublish.one/lib/ezutils/classes/../../../var/cache/ini/image-8d5e654679fbe8c4aa1b63dea2ecc97e.php]
[ Jan 27 2025 01:45:58 ] [var/plain_site/cache/template/compiled/strong-bf4c3beb8a6fc052d2b1a345790bf24c.php]
[ Jan 27 2025 01:45:58 ] [var/plain_site/cache/template/compiled/view_comments-ee1f564e06b626787155238c0794caa3.php]
[ Jan 27 2025 01:45:58 ] [var/plain_site/cache/template/compiled/list_children-e0ccf7824f9d7cfe32db4db0e9740afd.php]
[ Jan 27 2025 01:45:58 ] [var/plain_site/cache/template/compiled/google-d3788f95b593f3193443117f4e4eeaaa.php]
[ Jan 27 2025 01:45:58 ] [var/plain_site/cache/template/compiled/sidebar_actions-d95eaf0797beed5cd0c089b14b524a34.php]
[ Jan 27 2025 02:03:12 ] [var/plain_site/cache/template/compiled/user-e3e712c0ea631541d09714e69ff8b29a.php]
[ Jan 27 2025 02:03:12 ] [var/plain_site/cache/template/compiled/ezimage-9800b0865404ea3ceebfeb39e1ba6acd.php]
[ Jan 27 2025 02:03:12 ] [var/plain_site/cache/template/compiled/searchbox-87dc8a91678085b99bd0f0b12b1a1c94.php]
[ Jan 27 2025 02:24:14 ] [var/plain_site/cache/template/compiled/project-e1068a659799f86f663552dcf9b201b1.php]
[ Jan 27 2025 02:24:14 ] [var/plain_site/cache/template/compiled/header-b0a0bcf7f4b5cc0944bedcd974190802.php]
[ Jan 27 2025 02:24:14 ] [var/plain_site/cache/template/compiled/sidebar_actions-6dc60936c4c5b2b7036e321a531cf412.php]
[ Jan 27 2025 02:24:14 ] [var/plain_site/cache/template/compiled/forum_message-bedb224071690b7f6cb74ceb43f51055.php]
[ Jan 27 2025 02:24:14 ] [var/plain_site/cache/template/compiled/calc_offset-81e7e81194619d589457017bf73e65bf.php]
[ Jan 27 2025 02:25:10 ] [var/plain_site/cache/template/compiled/login-f43bd94a8159950f0820ec6614c87b5a.php]
[ Jan 27 2025 02:26:13 ] [/home/ze/public_html/projects.ezpublish.one/lib/ezutils/classes/../../../var/cache/ini/audit-4f10368c9541097ecfe7c5f52c85ffd0.php]
[ Jan 27 2025 02:30:28 ] [/home/ze/public_html/projects.ezpublish.one/lib/ezutils/classes/../../../var/cache/ini/site-1cd992ba7f66d4f06368e516b036c9cf.php]
[ Jan 27 2025 02:30:28 ] [/home/ze/public_html/projects.ezpublish.one/lib/ezutils/classes/../../../var/cache/ini/module-cd61f6a54802d6312d928b369173c87c.php]
[ Jan 27 2025 02:30:28 ] [/home/ze/public_html/projects.ezpublish.one/lib/ezutils/classes/../../../var/cache/ini/eng-GB-04387d13317434f3f9edaf0416c82137.php]
[ Jan 27 2025 02:30:28 ] [/home/ze/public_html/projects.ezpublish.one/lib/ezutils/classes/../../../var/cache/ini/file-2ee4eb6d1e587d573d46284e5568813a.php]
[ Jan 27 2025 02:30:28 ] [/home/ze/public_html/projects.ezpublish.one/lib/ezutils/classes/../../../var/cache/ini/debug-d6f16ecb56ff89a4efb958ff47676a9d.php]
[ Jan 27 2025 02:30:28 ] [/home/ze/public_html/projects.ezpublish.one/lib/ezutils/classes/../../../var/cache/ini/audit-4f10368c9541097ecfe7c5f52c85ffd0.php]
[ Jan 27 2025 02:30:28 ] [/home/ze/public_html/projects.ezpublish.one/lib/ezutils/classes/../../../var/cache/ini/template-2059e9165a78eaf1a579c2751b7290ea.php]
[ Jan 27 2025 02:30:28 ] [/home/ze/public_html/projects.ezpublish.one/lib/ezutils/classes/../../../var/cache/ini/override-5f8a357f93fda2cfceb2a32c63861856.php]
[ Jan 27 2025 02:30:28 ] [/home/ze/public_html/projects.ezpublish.one/lib/ezutils/classes/../../../var/cache/ini/design-3a3a1c53581152183dc730e0cc2e7a8a.php]
[ Jan 27 2025 02:30:28 ] [/home/ze/public_html/projects.ezpublish.one/lib/ezutils/classes/../../../var/cache/ini/menu-69d371afed63dcab10249bee37461e93.php]
[ Jan 27 2025 02:30:28 ] [/home/ze/public_html/projects.ezpublish.one/lib/ezutils/classes/../../../var/cache/ini/site-f2b1f5c6121938489d1664ce51344d54.php]
[ Jan 27 2025 02:30:28 ] [/home/ze/public_html/projects.ezpublish.one/lib/ezutils/classes/../../../var/cache/ini/site-9cb0e9631ed265dd09f7291efc783195.php]
[ Jan 27 2025 02:32:10 ] [/home/ze/public_html/projects.ezpublish.one/lib/ezutils/classes/../../../var/cache/ini/site-e1fe9bccc06a33fa737d40d4a5c93287.php]
[ Jan 27 2025 02:32:10 ] [/home/ze/public_html/projects.ezpublish.one/lib/ezutils/classes/../../../var/cache/ini/module-c559fffc7fd3a8132e35531089957fa0.php]
[ Jan 27 2025 02:32:10 ] [/home/ze/public_html/projects.ezpublish.one/lib/ezutils/classes/../../../var/cache/ini/eng-GB-496e03e5ffcfc80026621cc36340b5b5.php]
[ Jan 27 2025 02:32:10 ] [/home/ze/public_html/projects.ezpublish.one/lib/ezutils/classes/../../../var/cache/ini/template-ac5055a6e7db36ba162330968dd21d0e.php]
[ Jan 27 2025 02:32:10 ] [/home/ze/public_html/projects.ezpublish.one/lib/ezutils/classes/../../../var/cache/ini/file-551e3351c3c4ca47f27068b8665ecbfb.php]
[ Jan 27 2025 02:32:10 ] [/home/ze/public_html/projects.ezpublish.one/lib/ezutils/classes/../../../var/cache/ini/debug-2041e6b9a7fbd4c4fc11c7442973b729.php]
[ Jan 27 2025 02:32:10 ] [/home/ze/public_html/projects.ezpublish.one/lib/ezutils/classes/../../../var/cache/ini/content-6ae3e92350bc186380749252d7ca6bb7.php]
[ Jan 27 2025 02:32:10 ] [/home/ze/public_html/projects.ezpublish.one/lib/ezutils/classes/../../../var/cache/ini/workflow-d79cc87f5ed7d327646f8356959a7415.php]
[ Jan 27 2025 02:32:10 ] [/home/ze/public_html/projects.ezpublish.one/lib/ezutils/classes/../../../var/cache/ini/override-9239368dbdbc9b54fca6d6910cf321ad.php]
[ Jan 27 2025 02:32:10 ] [/home/ze/public_html/projects.ezpublish.one/lib/ezutils/classes/../../../var/cache/ini/design-ba5a0289f9d5e3cbb9fa48a568df4e2a.php]
[ Jan 27 2025 02:32:10 ] [var/plain_site/cache/override/override_c5c6593cfa0e863a49b064b70989325b.php]
[ Jan 27 2025 02:32:10 ] [/home/ze/public_html/projects.ezpublish.one/lib/ezutils/classes/../../../var/cache/ini/fetchalias-acb851c14e0376fec708eb6b2a38d537.php]
[ Jan 27 2025 02:32:10 ] [var/plain_site/cache/template/compiled/projects-a73767625ad7c70867df173102329463.php]
[ Jan 27 2025 02:32:10 ] [/home/ze/public_html/projects.ezpublish.one/lib/ezutils/classes/../../../var/cache/ini/ezxml-8e21b15b852d1ace3f923cc8c250edb1.php]
[ Jan 27 2025 02:32:10 ] [var/plain_site/cache/template/compiled/ezxmltext-ef4dae8a5098784543e5a63b6174c3d4.php]
[ Jan 27 2025 02:32:10 ] [var/plain_site/cache/template/compiled/paragraph-83233632a3d16c13004ab312f86a4ce9.php]
[ Jan 27 2025 02:32:10 ] [var/plain_site/cache/template/compiled/li-24af861ab25f4bdf04fecaa9dde8c6e1.php]
[ Jan 27 2025 02:32:10 ] [var/plain_site/cache/template/compiled/link-f04b855025d90d80266f0fe0362f1097.php]
[ Jan 27 2025 02:32:10 ] [var/plain_site/cache/template/compiled/ul-13494b8fb4bec555cf805a6654c16205.php]
[ Jan 27 2025 02:32:11 ] [var/plain_site/cache/template/compiled/project-73bea2c3edd32011fcab1a1b9535313f.php]
[ Jan 27 2025 02:32:11 ] [var/plain_site/cache/template/compiled/status-00f024b79e52c6516aad784785064f7c.php]
[ Jan 27 2025 02:32:11 ] [/home/ze/public_html/projects.ezpublish.one/lib/ezutils/classes/../../../var/cache/ini/menu-cae1d6b50bd2ee88f50ee74737de4f1c.php]
[ Jan 27 2025 02:32:11 ] [var/plain_site/cache/template/compiled/pagelayout-0a4c1d842c266ec7adc031248645386d.php]
[ Jan 27 2025 02:32:11 ] [var/plain_site/cache/template/compiled/mainmenu-e3517688b7c40e3b483ce6070571c6ea.php]
[ Jan 27 2025 02:32:11 ] [var/plain_site/cache/template/compiled/debug_toolbar-832d1996624ed679bae33709274ba5c6.php]
[ Jan 27 2025 02:32:11 ] [var/plain_site/cache/template/compiled/clear_cache-4965fcaabfc011e60f168a3e2f904252.php]
[ Jan 27 2025 02:32:11 ] [var/plain_site/cache/template/compiled/quick_settings-fd61374bddf522a5de7530b008531cc3.php]
[ Jan 27 2025 02:32:11 ] [/home/ze/public_html/projects.ezpublish.one/lib/ezutils/classes/../../../var/cache/ini/site-f2b1f5c6121938489d1664ce51344d54.php]
[ Jan 27 2025 02:32:11 ] [/home/ze/public_html/projects.ezpublish.one/lib/ezutils/classes/../../../var/cache/ini/error-c603a1d1ec630a1ae392236e60a588c8.php]
[ Jan 27 2025 02:32:11 ] [/home/ze/public_html/projects.ezpublish.one/lib/ezutils/classes/../../../var/cache/ini/design-d147462994b13d2b9245ea739efec03e.php]
[ Jan 27 2025 02:32:11 ] [var/plain_site/cache/template/compiled/20-9f464302b39f8b81e1e8e54e7300840e.php]
[ Jan 27 2025 02:32:11 ] [/home/ze/public_html/projects.ezpublish.one/lib/ezutils/classes/../../../var/cache/ini/menu-5177890013e2da9a6826834d26fe0564.php]
[ Jan 27 2025 02:32:28 ] [var/plain_site/cache/statelimitations_731aaaeece4fdc459f9411df8ed13400.php]
[ Jan 27 2025 02:32:28 ] [/home/ze/public_html/projects.ezpublish.one/lib/ezutils/classes/../../../var/cache/ini/ezxml-1fd167888e96ad43f8b17d4d3bc6fc25.php]
[ Jan 27 2025 02:32:58 ] [/home/ze/public_html/projects.ezpublish.one/lib/ezutils/classes/../../../var/cache/ini/fetchalias-a65c630e03ec53f2d69debbc36747730.php]
[ Jan 27 2025 02:32:58 ] [var/plain_site/cache/template/compiled/project-17f7fd28d7f2d6bd7f124c54b3f260f2.php]
[ Jan 27 2025 02:32:58 ] [/home/ze/public_html/projects.ezpublish.one/lib/ezutils/classes/../../../var/cache/ini/image-aab2b680fb46dc6e5e967ee2a3a0acf3.php]
[ Jan 27 2025 02:32:58 ] [var/plain_site/cache/template/compiled/sidebar_actions-349a4d64bf7c365b851cd1cffd3baf44.php]
[ Jan 27 2025 02:32:58 ] [var/plain_site/cache/template/compiled/searchbox-45e2214bbebe3d09dc35b1763dea586c.php]
[ Jan 27 2025 02:33:11 ] [var/plain_site/cache/template/compiled/subversion-7edaa3b19ebd03fddf5b817d55b22f14.php]
[ Jan 27 2025 02:33:11 ] [var/plain_site/cache/classattributeidentifiers_731aaaeece4fdc459f9411df8ed13400.php]
[ Jan 27 2025 02:33:11 ] [var/plain_site/cache/sortkey_731aaaeece4fdc459f9411df8ed13400.php]
[ Jan 27 2025 02:33:11 ] [var/plain_site/cache/template/compiled/ezobjectrelation-0e5a20f896628c96192ae7fdb4dae216.php]
[ Jan 27 2025 02:33:11 ] [var/plain_site/cache/template/compiled/text_linked-6673e302e4ca7d17e361c11de5678326.php]
[ Jan 27 2025 02:33:15 ] [var/plain_site/cache/template/compiled/subversion_log_message-4cd87b113c5123d6da21bbc46afbe071.php]
[ Jan 27 2025 02:33:15 ] [var/plain_site/cache/template/compiled/eztext-8f911d65b93def16b6a7c4e565d16f81.php]
